#
# There is insufficient memory for the Java Runtime Environment to continue.
# Native memory allocation (malloc) failed to allocate 666176 bytes for Chunk::new
# Possible reasons:
#   The system is out of physical RAM or swap space
#   The process is running with CompressedOops enabled, and the Java Heap may be blocking the growth of the native heap
# Possible solutions:
#   Reduce memory load on the system
#   Increase physical memory or swap space
#   Check if swap backing store is full
#   Decrease Java heap size (-Xmx/-Xms)
#   Decrease number of Java threads
#   Decrease Java thread stack sizes (-Xss)
#   Set larger code cache with -XX:ReservedCodeCacheSize=
#   JVM is running with Unscaled Compressed Oops mode in which the Java heap is
#     placed in the first 4GB address space. The Java Heap base address is the
#     maximum limit for the native heap growth. Please use -XX:HeapBaseMinAddress
#     to set the Java Heap base and to place the Java Heap above 4GB virtual address.
# This output file may be truncated or incomplete.
#
#  Out of Memory Error (arena.cpp:189), pid=24832, tid=4172
#
# JRE version: OpenJDK Runtime Environment Temurin-17.0.4.1+1 (17.0.4.1+1) (build 17.0.4.1+1)
# Java VM: OpenJDK 64-Bit Server VM Temurin-17.0.4.1+1 (17.0.4.1+1, mixed mode, tiered, compressed oops, compressed class ptrs, parallel gc, windows-amd64)
# No core dump will be written. Minidumps are not enabled by default on client versions of Windows
#

---------------  S U M M A R Y ------------

Command Line: --add-modules=ALL-SYSTEM --add-opens=java.base/java.util=ALL-UNNAMED --add-opens=java.base/java.lang=ALL-UNNAMED --add-opens=java.base/sun.nio.fs=ALL-UNNAMED -Declipse.application=org.eclipse.jdt.ls.core.id1 -Dosgi.bundles.defaultStartLevel=4 -Declipse.product=org.eclipse.jdt.ls.core.product -Djava.import.generatesMetadataFilesAtProjectRoot=false -Dfile.encoding=utf8 -DwatchParentProcess=false -XX:+UseParallelGC -XX:GCTimeRatio=4 -XX:AdaptiveSizePolicyWeight=90 -Dsun.zip.disableMemoryMapping=true -Xmx1G -Xms100m -Xlog:disable -javaagent:c:\Users\admin\.vscode\extensions\redhat.java-1.11.0-win32-x64\lombok\lombok-1.18.24.jar c:\Users\admin\.vscode\extensions\redhat.java-1.11.0-win32-x64\server\plugins\org.eclipse.equinox.launcher_1.6.400.v20210924-0641.jar -configuration c:\Users\admin\AppData\Roaming\Code\User\globalStorage\redhat.java\1.11.0\config_ss_win -data c:\Users\admin\AppData\Roaming\Code\User\workspaceStorage\65fd5de7fbe8538a0b623f43c295d075\redhat.java\ss_ws

Host: 11th Gen Intel(R) Core(TM) i5-1135G7 @ 2.40GHz, 8 cores, 7G,  Windows 11 , 64 bit Build 22000 (10.0.22000.708)
Time: Sun Oct 23 21:45:02 2022 SE Asia Standard Time elapsed time: 10.410618 seconds (0d 0h 0m 10s)

---------------  T H R E A D  ---------------

Current thread (0x00000225caad4040):  JavaThread "C2 CompilerThread0" daemon [_thread_in_native, id=4172, stack(0x0000006fc0e00000,0x0000006fc0f00000)]


Current CompileTask:
C2:  10410 2214       4       org.objectweb.asm.ClassReader::readMethod (1066 bytes)

Stack: [0x0000006fc0e00000,0x0000006fc0f00000]
Native frames: (J=compiled Java code, j=interpreted, Vv=VM code, C=native code)
V  [jvm.dll+0x67731a]
V  [jvm.dll+0x832284]
V  [jvm.dll+0x833a2e]
V  [jvm.dll+0x834093]
V  [jvm.dll+0x245775]
V  [jvm.dll+0xabd7b]
V  [jvm.dll+0xac30c]
V  [jvm.dll+0x2ac80f]
V  [jvm.dll+0x57dd77]
V  [jvm.dll+0x220892]
V  [jvm.dll+0x21a069]
V  [jvm.dll+0x21799b]
V  [jvm.dll+0x1a3f8d]
V  [jvm.dll+0x227498]
V  [jvm.dll+0x2255e5]
V  [jvm.dll+0x7e7e9b]
V  [jvm.dll+0x7e240a]
V  [jvm.dll+0x6761a5]
C  [ucrtbase.dll+0x26c0c]
C  [KERNEL32.DLL+0x154e0]
C  [ntdll.dll+0x485b]


---------------  P R O C E S S  ---------------

Threads class SMR info:
_java_thread_list=0x00000225cb30df60, length=20, elements={
0x00000225b4653f60, 0x00000225c84e64a0, 0x00000225c84e8800, 0x00000225caaccf30,
0x00000225caacfaf0, 0x00000225caad29b0, 0x00000225caad3360, 0x00000225caad4040,
0x00000225cab289d0, 0x00000225cab344d0, 0x00000225cab8dbc0, 0x00000225cadc7060,
0x00000225cb4c82d0, 0x00000225cc1c0920, 0x00000225cc1c13a0, 0x00000225cb0ce390,
0x00000225cb0c4030, 0x00000225cb667320, 0x00000225cafe8d40, 0x00000225cafe9bb0
}

Java Threads: ( => current thread )
  0x00000225b4653f60 JavaThread "main" [_thread_blocked, id=5604, stack(0x0000006fc0400000,0x0000006fc0500000)]
  0x00000225c84e64a0 JavaThread "Reference Handler" daemon [_thread_blocked, id=21588, stack(0x0000006fc0700000,0x0000006fc0800000)]
  0x00000225c84e8800 JavaThread "Finalizer" daemon [_thread_blocked, id=6708, stack(0x0000006fc0800000,0x0000006fc0900000)]
  0x00000225caaccf30 JavaThread "Signal Dispatcher" daemon [_thread_blocked, id=14424, stack(0x0000006fc0a00000,0x0000006fc0b00000)]
  0x00000225caacfaf0 JavaThread "Attach Listener" daemon [_thread_blocked, id=25524, stack(0x0000006fc0b00000,0x0000006fc0c00000)]
  0x00000225caad29b0 JavaThread "Service Thread" daemon [_thread_blocked, id=2588, stack(0x0000006fc0c00000,0x0000006fc0d00000)]
  0x00000225caad3360 JavaThread "Monitor Deflation Thread" daemon [_thread_blocked, id=24872, stack(0x0000006fc0d00000,0x0000006fc0e00000)]
=>0x00000225caad4040 JavaThread "C2 CompilerThread0" daemon [_thread_in_native, id=4172, stack(0x0000006fc0e00000,0x0000006fc0f00000)]
  0x00000225cab289d0 JavaThread "C1 CompilerThread0" daemon [_thread_blocked, id=23840, stack(0x0000006fc0f00000,0x0000006fc1000000)]
  0x00000225cab344d0 JavaThread "Sweeper thread" daemon [_thread_blocked, id=15784, stack(0x0000006fc1000000,0x0000006fc1100000)]
  0x00000225cab8dbc0 JavaThread "Common-Cleaner" daemon [_thread_blocked, id=18072, stack(0x0000006fc1100000,0x0000006fc1200000)]
  0x00000225cadc7060 JavaThread "Notification Thread" daemon [_thread_blocked, id=11552, stack(0x0000006fc1200000,0x0000006fc1300000)]
  0x00000225cb4c82d0 JavaThread "Active Thread: Equinox Container: defed09b-7158-4e95-86f8-903f76c9908e" [_thread_blocked, id=12664, stack(0x0000006fc1900000,0x0000006fc1a00000)]
  0x00000225cc1c0920 JavaThread "Framework Event Dispatcher: Equinox Container: defed09b-7158-4e95-86f8-903f76c9908e" daemon [_thread_blocked, id=17888, stack(0x0000006fc1a00000,0x0000006fc1b00000)]
  0x00000225cc1c13a0 JavaThread "Start Level: Equinox Container: defed09b-7158-4e95-86f8-903f76c9908e" daemon [_thread_in_native, id=9804, stack(0x0000006fc1b00000,0x0000006fc1c00000)]
  0x00000225cb0ce390 JavaThread "SCR Component Actor" daemon [_thread_blocked, id=8204, stack(0x0000006fc1c00000,0x0000006fc1d00000)]
  0x00000225cb0c4030 JavaThread "SCR Component Registry" daemon [_thread_blocked, id=24140, stack(0x0000006fc1f00000,0x0000006fc2000000)]
  0x00000225cb667320 JavaThread "Worker-JM" [_thread_blocked, id=21904, stack(0x0000006fc2000000,0x0000006fc2100000)]
  0x00000225cafe8d40 JavaThread "Worker-0" [_thread_blocked, id=24920, stack(0x0000006fc2100000,0x0000006fc2200000)]
  0x00000225cafe9bb0 JavaThread "Worker-1" [_thread_blocked, id=6828, stack(0x0000006fc2200000,0x0000006fc2300000)]

Other Threads:
  0x00000225b472eab0 VMThread "VM Thread" [stack: 0x0000006fc0600000,0x0000006fc0700000] [id=21372]
  0x00000225cadc2a50 WatcherThread [stack: 0x0000006fc1300000,0x0000006fc1400000] [id=12224]
  0x00000225b466a360 GCTaskThread "GC Thread#0" [stack: 0x0000006fc0500000,0x0000006fc0600000] [id=19212]
  0x00000225cb3bf640 GCTaskThread "GC Thread#1" [stack: 0x0000006fc1400000,0x0000006fc1500000] [id=14872]
  0x00000225cb48b5d0 GCTaskThread "GC Thread#2" [stack: 0x0000006fc1500000,0x0000006fc1600000] [id=12156]
  0x00000225cb48b880 GCTaskThread "GC Thread#3" [stack: 0x0000006fc1600000,0x0000006fc1700000] [id=21060]
  0x00000225cb48bb30 GCTaskThread "GC Thread#4" [stack: 0x0000006fc1700000,0x0000006fc1800000] [id=9332]
  0x00000225cb48bde0 GCTaskThread "GC Thread#5" [stack: 0x0000006fc1800000,0x0000006fc1900000] [id=17064]
  0x00000225cb1d8fd0 GCTaskThread "GC Thread#6" [stack: 0x0000006fc1d00000,0x0000006fc1e00000] [id=22752]
  0x00000225cc1a2190 GCTaskThread "GC Thread#7" [stack: 0x0000006fc1e00000,0x0000006fc1f00000] [id=21616]

Threads with active compile tasks:
C2 CompilerThread0    10441 2214       4       org.objectweb.asm.ClassReader::readMethod (1066 bytes)

VM state: not at safepoint (normal execution)

VM Mutex/Monitor currently owned by a thread: None

Heap address: 0x00000000c0000000, size: 1024 MB, Compressed Oops mode: 32-bit

CDS archive(s) not mapped
Compressed class space mapped at: 0x0000000100000000-0x0000000140000000, reserved size: 1073741824
Narrow klass base: 0x0000000000000000, Narrow klass shift: 3, Narrow klass range: 0x140000000

GC Precious Log:
 CPUs: 8 total, 8 available
 Memory: 7914M
 Large Page Support: Disabled
 NUMA Support: Disabled
 Compressed Oops: Enabled (32-bit)
 Alignments: Space 512K, Generation 512K, Heap 2M
 Heap Min Capacity: 100M
 Heap Initial Capacity: 100M
 Heap Max Capacity: 1G
 Pre-touch: Disabled
 Parallel Workers: 8

Heap:
 PSYoungGen      total 25600K, used 7313K [0x00000000eab00000, 0x00000000ec880000, 0x0000000100000000)
  eden space 25088K, 27% used [0x00000000eab00000,0x00000000eb1cc6c8,0x00000000ec380000)
  from space 512K, 68% used [0x00000000ec400000,0x00000000ec458000,0x00000000ec480000)
  to   space 2048K, 0% used [0x00000000ec680000,0x00000000ec680000,0x00000000ec880000)
 ParOldGen       total 68608K, used 7130K [0x00000000c0000000, 0x00000000c4300000, 0x00000000eab00000)
  object space 68608K, 10% used [0x00000000c0000000,0x00000000c06f6ae0,0x00000000c4300000)
 Metaspace       used 25694K, committed 25984K, reserved 1073152K
  class space    used 2504K, committed 2624K, reserved 1048576K

Card table byte_map: [0x00000225b4010000,0x00000225b4220000] _byte_map_base: 0x00000225b3a10000

Marking Bits: (ParMarkBitMap*) 0x00007ffc44282cc0
 Begin Bits: [0x00000225c62f0000, 0x00000225c72f0000)
 End Bits:   [0x00000225c72f0000, 0x00000225c82f0000)

Polling page: 0x00000225b27c0000

Metaspace:

Usage:
  Non-class:     22.65 MB used.
      Class:      2.45 MB used.
       Both:     25.09 MB used.

Virtual space:
  Non-class space:       24.00 MB reserved,      22.81 MB ( 95%) committed,  3 nodes.
      Class space:        1.00 GB reserved,       2.56 MB ( <1%) committed,  1 nodes.
             Both:        1.02 GB reserved,      25.38 MB (  2%) committed. 

Chunk freelists:
   Non-Class:  704.00 KB
       Class:  1.44 MB
        Both:  2.13 MB

MaxMetaspaceSize: unlimited
CompressedClassSpaceSize: 1.00 GB
Initial GC threshold: 21.00 MB
Current GC threshold: 35.00 MB
CDS: off
MetaspaceReclaimPolicy: balanced
 - commit_granule_bytes: 65536.
 - commit_granule_words: 8192.
 - virtual_space_node_default_size: 1048576.
 - enlarge_chunks_in_place: 1.
 - new_chunks_are_fully_committed: 0.
 - uncommit_free_chunks: 1.
 - use_allocation_guard: 0.
 - handle_deallocations: 1.


Internal statistics:

num_allocs_failed_limit: 3.
num_arena_births: 168.
num_arena_deaths: 14.
num_vsnodes_births: 4.
num_vsnodes_deaths: 0.
num_space_committed: 406.
num_space_uncommitted: 0.
num_chunks_returned_to_freelist: 17.
num_chunks_taken_from_freelist: 794.
num_chunk_merges: 7.
num_chunk_splits: 564.
num_chunks_enlarged: 423.
num_purges: 2.
num_inconsistent_stats: 0.

CodeHeap 'non-profiled nmethods': size=120000Kb used=827Kb max_used=827Kb free=119172Kb
 bounds [0x00000225bedc0000, 0x00000225bf030000, 0x00000225c62f0000]
CodeHeap 'profiled nmethods': size=120000Kb used=4483Kb max_used=4483Kb free=115516Kb
 bounds [0x00000225b7890000, 0x00000225b7d00000, 0x00000225bedc0000]
CodeHeap 'non-nmethods': size=5760Kb used=1231Kb max_used=1243Kb free=4528Kb
 bounds [0x00000225b72f0000, 0x00000225b7560000, 0x00000225b7890000]
 total_blobs=2752 nmethods=2220 adapters=446
 compilation: enabled
              stopped_count=0, restarted_count=0
 full_count=0

Compilation events (20 events):
Event: 10.282 Thread 0x00000225cab289d0 2210       3       org.objectweb.asm.ClassReader::createLabel (21 bytes)
Event: 10.282 Thread 0x00000225cab289d0 nmethod 2210 0x00000225b7ce5e10 code [0x00000225b7ce5fe0, 0x00000225b7ce6418]
Event: 10.283 Thread 0x00000225cab289d0 2211       3       org.objectweb.asm.Symbol::getArgumentsAndReturnSizes (23 bytes)
Event: 10.283 Thread 0x00000225cab289d0 nmethod 2211 0x00000225b7ce6610 code [0x00000225b7ce67c0, 0x00000225b7ce6948]
Event: 10.283 Thread 0x00000225cab289d0 2212       3       org.objectweb.asm.MethodWriter::visitMethodInsn (191 bytes)
Event: 10.283 Thread 0x00000225cab289d0 nmethod 2212 0x00000225b7ce6a10 code [0x00000225b7ce6c40, 0x00000225b7ce7448]
Event: 10.284 Thread 0x00000225caad4040 2213       4       org.objectweb.asm.Label::resolve (219 bytes)
Event: 10.289 Thread 0x00000225caad4040 nmethod 2213 0x00000225bee8e710 code [0x00000225bee8e8a0, 0x00000225bee8eaf8]
Event: 10.289 Thread 0x00000225caad4040 2214       4       org.objectweb.asm.ClassReader::readMethod (1066 bytes)
Event: 10.295 Thread 0x00000225cab289d0 2215       3       org.objectweb.asm.SymbolTable::put (150 bytes)
Event: 10.296 Thread 0x00000225cab289d0 nmethod 2215 0x00000225b7ce7790 code [0x00000225b7ce7960, 0x00000225b7ce8078]
Event: 10.309 Thread 0x00000225cab289d0 2217 %     3       org.objectweb.asm.ClassReader::<init> @ 110 (371 bytes)
Event: 10.311 Thread 0x00000225cab289d0 nmethod 2217% 0x00000225b7ce8390 code [0x00000225b7ce8680, 0x00000225b7ce99d8]
Event: 10.311 Thread 0x00000225cab289d0 2218       3       org.objectweb.asm.SymbolTable::hash (14 bytes)
Event: 10.311 Thread 0x00000225cab289d0 nmethod 2218 0x00000225b7ce9f90 code [0x00000225b7cea120, 0x00000225b7cea218]
Event: 10.317 Thread 0x00000225cab289d0 2219       3       java.util.regex.Matcher::match (154 bytes)
Event: 10.318 Thread 0x00000225cab289d0 nmethod 2219 0x00000225b7cea290 code [0x00000225b7cea480, 0x00000225b7ceaa48]
Event: 10.405 Thread 0x00000225cab289d0 2222       3       org.objectweb.asm.ClassReader::<init> (371 bytes)
Event: 10.406 Thread 0x00000225cab289d0 nmethod 2222 0x00000225b7ceac90 code [0x00000225b7ceaf60, 0x00000225b7cec118]
Event: 10.406 Thread 0x00000225cab289d0 2223 %     3       org.objectweb.asm.SymbolTable::<init> @ 98 (536 bytes)

GC Heap History (12 events):
Event: 1.674 GC heap before
{Heap before GC invocations=1 (full 0):
 PSYoungGen      total 29696K, used 25600K [0x00000000eab00000, 0x00000000ecc00000, 0x0000000100000000)
  eden space 25600K, 100% used [0x00000000eab00000,0x00000000ec400000,0x00000000ec400000)
  from space 4096K, 0% used [0x00000000ec800000,0x00000000ec800000,0x00000000ecc00000)
  to   space 4096K, 0% used [0x00000000ec400000,0x00000000ec400000,0x00000000ec800000)
 ParOldGen       total 68608K, used 0K [0x00000000c0000000, 0x00000000c4300000, 0x00000000eab00000)
  object space 68608K, 0% used [0x00000000c0000000,0x00000000c0000000,0x00000000c4300000)
 Metaspace       used 10824K, committed 11008K, reserved 1064960K
  class space    used 1087K, committed 1152K, reserved 1048576K
}
Event: 1.711 GC heap after
{Heap after GC invocations=1 (full 0):
 PSYoungGen      total 29696K, used 3272K [0x00000000eab00000, 0x00000000ecc00000, 0x0000000100000000)
  eden space 25600K, 0% used [0x00000000eab00000,0x00000000eab00000,0x00000000ec400000)
  from space 4096K, 79% used [0x00000000ec400000,0x00000000ec732208,0x00000000ec800000)
  to   space 4096K, 0% used [0x00000000ec800000,0x00000000ec800000,0x00000000ecc00000)
 ParOldGen       total 68608K, used 0K [0x00000000c0000000, 0x00000000c4300000, 0x00000000eab00000)
  object space 68608K, 0% used [0x00000000c0000000,0x00000000c0000000,0x00000000c4300000)
 Metaspace       used 10824K, committed 11008K, reserved 1064960K
  class space    used 1087K, committed 1152K, reserved 1048576K
}
Event: 7.961 GC heap before
{Heap before GC invocations=2 (full 0):
 PSYoungGen      total 29696K, used 28872K [0x00000000eab00000, 0x00000000ecc00000, 0x0000000100000000)
  eden space 25600K, 100% used [0x00000000eab00000,0x00000000ec400000,0x00000000ec400000)
  from space 4096K, 79% used [0x00000000ec400000,0x00000000ec732208,0x00000000ec800000)
  to   space 4096K, 0% used [0x00000000ec800000,0x00000000ec800000,0x00000000ecc00000)
 ParOldGen       total 68608K, used 0K [0x00000000c0000000, 0x00000000c4300000, 0x00000000eab00000)
  object space 68608K, 0% used [0x00000000c0000000,0x00000000c0000000,0x00000000c4300000)
 Metaspace       used 15119K, committed 15360K, reserved 1064960K
  class space    used 1548K, committed 1664K, reserved 1048576K
}
Event: 7.970 GC heap after
{Heap after GC invocations=2 (full 0):
 PSYoungGen      total 29696K, used 4072K [0x00000000eab00000, 0x00000000ecc00000, 0x0000000100000000)
  eden space 25600K, 0% used [0x00000000eab00000,0x00000000eab00000,0x00000000ec400000)
  from space 4096K, 99% used [0x00000000ec800000,0x00000000ecbfa300,0x00000000ecc00000)
  to   space 4096K, 0% used [0x00000000ec400000,0x00000000ec400000,0x00000000ec800000)
 ParOldGen       total 68608K, used 708K [0x00000000c0000000, 0x00000000c4300000, 0x00000000eab00000)
  object space 68608K, 1% used [0x00000000c0000000,0x00000000c00b1360,0x00000000c4300000)
 Metaspace       used 15119K, committed 15360K, reserved 1064960K
  class space    used 1548K, committed 1664K, reserved 1048576K
}
Event: 9.259 GC heap before
{Heap before GC invocations=3 (full 0):
 PSYoungGen      total 29696K, used 29672K [0x00000000eab00000, 0x00000000ecc00000, 0x0000000100000000)
  eden space 25600K, 100% used [0x00000000eab00000,0x00000000ec400000,0x00000000ec400000)
  from space 4096K, 99% used [0x00000000ec800000,0x00000000ecbfa300,0x00000000ecc00000)
  to   space 4096K, 0% used [0x00000000ec400000,0x00000000ec400000,0x00000000ec800000)
 ParOldGen       total 68608K, used 708K [0x00000000c0000000, 0x00000000c4300000, 0x00000000eab00000)
  object space 68608K, 1% used [0x00000000c0000000,0x00000000c00b1360,0x00000000c4300000)
 Metaspace       used 20326K, committed 20672K, reserved 1073152K
  class space    used 2087K, committed 2240K, reserved 1048576K
}
Event: 9.265 GC heap after
{Heap after GC invocations=3 (full 0):
 PSYoungGen      total 29696K, used 4079K [0x00000000eab00000, 0x00000000ecc00000, 0x0000000100000000)
  eden space 25600K, 0% used [0x00000000eab00000,0x00000000eab00000,0x00000000ec400000)
  from space 4096K, 99% used [0x00000000ec400000,0x00000000ec7fbe38,0x00000000ec800000)
  to   space 4096K, 0% used [0x00000000ec800000,0x00000000ec800000,0x00000000ecc00000)
 ParOldGen       total 68608K, used 2685K [0x00000000c0000000, 0x00000000c4300000, 0x00000000eab00000)
  object space 68608K, 3% used [0x00000000c0000000,0x00000000c029f790,0x00000000c4300000)
 Metaspace       used 20326K, committed 20672K, reserved 1073152K
  class space    used 2087K, committed 2240K, reserved 1048576K
}
Event: 9.377 GC heap before
{Heap before GC invocations=4 (full 0):
 PSYoungGen      total 29696K, used 9604K [0x00000000eab00000, 0x00000000ecc00000, 0x0000000100000000)
  eden space 25600K, 21% used [0x00000000eab00000,0x00000000eb0652b8,0x00000000ec400000)
  from space 4096K, 99% used [0x00000000ec400000,0x00000000ec7fbe38,0x00000000ec800000)
  to   space 4096K, 0% used [0x00000000ec800000,0x00000000ec800000,0x00000000ecc00000)
 ParOldGen       total 68608K, used 2685K [0x00000000c0000000, 0x00000000c4300000, 0x00000000eab00000)
  object space 68608K, 3% used [0x00000000c0000000,0x00000000c029f790,0x00000000c4300000)
 Metaspace       used 21208K, committed 21504K, reserved 1073152K
  class space    used 2163K, committed 2304K, reserved 1048576K
}
Event: 9.382 GC heap after
{Heap after GC invocations=4 (full 0):
 PSYoungGen      total 29696K, used 4068K [0x00000000eab00000, 0x00000000ecc00000, 0x0000000100000000)
  eden space 25600K, 0% used [0x00000000eab00000,0x00000000eab00000,0x00000000ec400000)
  from space 4096K, 99% used [0x00000000ec800000,0x00000000ecbf9180,0x00000000ecc00000)
  to   space 4096K, 0% used [0x00000000ec400000,0x00000000ec400000,0x00000000ec800000)
 ParOldGen       total 68608K, used 3190K [0x00000000c0000000, 0x00000000c4300000, 0x00000000eab00000)
  object space 68608K, 4% used [0x00000000c0000000,0x00000000c031db28,0x00000000c4300000)
 Metaspace       used 21208K, committed 21504K, reserved 1073152K
  class space    used 2163K, committed 2304K, reserved 1048576K
}
Event: 9.382 GC heap before
{Heap before GC invocations=5 (full 1):
 PSYoungGen      total 29696K, used 4068K [0x00000000eab00000, 0x00000000ecc00000, 0x0000000100000000)
  eden space 25600K, 0% used [0x00000000eab00000,0x00000000eab00000,0x00000000ec400000)
  from space 4096K, 99% used [0x00000000ec800000,0x00000000ecbf9180,0x00000000ecc00000)
  to   space 4096K, 0% used [0x00000000ec400000,0x00000000ec400000,0x00000000ec800000)
 ParOldGen       total 68608K, used 3190K [0x00000000c0000000, 0x00000000c4300000, 0x00000000eab00000)
  object space 68608K, 4% used [0x00000000c0000000,0x00000000c031db28,0x00000000c4300000)
 Metaspace       used 21208K, committed 21504K, reserved 1073152K
  class space    used 2163K, committed 2304K, reserved 1048576K
}
Event: 9.409 GC heap after
{Heap after GC invocations=5 (full 1):
 PSYoungGen      total 29696K, used 0K [0x00000000eab00000, 0x00000000ecc00000, 0x0000000100000000)
  eden space 25600K, 0% used [0x00000000eab00000,0x00000000eab00000,0x00000000ec400000)
  from space 4096K, 0% used [0x00000000ec800000,0x00000000ec800000,0x00000000ecc00000)
  to   space 4096K, 0% used [0x00000000ec400000,0x00000000ec400000,0x00000000ec800000)
 ParOldGen       total 68608K, used 7122K [0x00000000c0000000, 0x00000000c4300000, 0x00000000eab00000)
  object space 68608K, 10% used [0x00000000c0000000,0x00000000c06f4ae0,0x00000000c4300000)
 Metaspace       used 21195K, committed 21504K, reserved 1073152K
  class space    used 2159K, committed 2304K, reserved 1048576K
}
Event: 10.239 GC heap before
{Heap before GC invocations=6 (full 1):
 PSYoungGen      total 29696K, used 25600K [0x00000000eab00000, 0x00000000ecc00000, 0x0000000100000000)
  eden space 25600K, 100% used [0x00000000eab00000,0x00000000ec400000,0x00000000ec400000)
  from space 4096K, 0% used [0x00000000ec800000,0x00000000ec800000,0x00000000ecc00000)
  to   space 4096K, 0% used [0x00000000ec400000,0x00000000ec400000,0x00000000ec800000)
 ParOldGen       total 68608K, used 7122K [0x00000000c0000000, 0x00000000c4300000, 0x00000000eab00000)
  object space 68608K, 10% used [0x00000000c0000000,0x00000000c06f4ae0,0x00000000c4300000)
 Metaspace       used 24836K, committed 25152K, reserved 1073152K
  class space    used 2440K, committed 2560K, reserved 1048576K
}
Event: 10.243 GC heap after
{Heap after GC invocations=6 (full 1):
 PSYoungGen      total 25600K, used 352K [0x00000000eab00000, 0x00000000ec880000, 0x0000000100000000)
  eden space 25088K, 0% used [0x00000000eab00000,0x00000000eab00000,0x00000000ec380000)
  from space 512K, 68% used [0x00000000ec400000,0x00000000ec458000,0x00000000ec480000)
  to   space 2048K, 0% used [0x00000000ec680000,0x00000000ec680000,0x00000000ec880000)
 ParOldGen       total 68608K, used 7130K [0x00000000c0000000, 0x00000000c4300000, 0x00000000eab00000)
  object space 68608K, 10% used [0x00000000c0000000,0x00000000c06f6ae0,0x00000000c4300000)
 Metaspace       used 24836K, committed 25152K, reserved 1073152K
  class space    used 2440K, committed 2560K, reserved 1048576K
}

Deoptimization events (20 events):
Event: 8.655 Thread 0x00000225cc1c13a0 Uncommon trap: trap_request=0xffffff45 fr.pc=0x00000225bee0cbf4 relative=0x0000000000000074
Event: 8.655 Thread 0x00000225cc1c13a0 Uncommon trap: reason=unstable_if action=reinterpret pc=0x00000225bee0cbf4 method=jdk.internal.misc.Unsafe.convEndian(ZJ)J @ 4 c2
Event: 8.655 Thread 0x00000225cc1c13a0 DEOPT PACKING pc=0x00000225bee0cbf4 sp=0x0000006fc1bf7350
Event: 8.655 Thread 0x00000225cc1c13a0 DEOPT UNPACKING pc=0x00000225b7345923 sp=0x0000006fc1bf7278 mode 2
Event: 8.736 Thread 0x00000225cc1c13a0 Uncommon trap: trap_request=0xffffff45 fr.pc=0x00000225bedd67b0 relative=0x0000000000000390
Event: 8.736 Thread 0x00000225cc1c13a0 Uncommon trap: reason=unstable_if action=reinterpret pc=0x00000225bedd67b0 method=java.lang.StringLatin1.canEncode(I)Z @ 4 c2
Event: 8.736 Thread 0x00000225cc1c13a0 DEOPT PACKING pc=0x00000225bedd67b0 sp=0x0000006fc1bf8910
Event: 8.736 Thread 0x00000225cc1c13a0 DEOPT UNPACKING pc=0x00000225b7345923 sp=0x0000006fc1bf8838 mode 2
Event: 8.736 Thread 0x00000225cc1c13a0 Uncommon trap: trap_request=0xffffff45 fr.pc=0x00000225bedf1b14 relative=0x0000000000000374
Event: 8.736 Thread 0x00000225cc1c13a0 Uncommon trap: reason=unstable_if action=reinterpret pc=0x00000225bedf1b14 method=java.lang.AbstractStringBuilder.isLatin1()Z @ 10 c2
Event: 8.736 Thread 0x00000225cc1c13a0 DEOPT PACKING pc=0x00000225bedf1b14 sp=0x0000006fc1bf8930
Event: 8.736 Thread 0x00000225cc1c13a0 DEOPT UNPACKING pc=0x00000225b7345923 sp=0x0000006fc1bf88b0 mode 2
Event: 8.736 Thread 0x00000225cc1c13a0 Uncommon trap: trap_request=0xffffff45 fr.pc=0x00000225bedeec5c relative=0x000000000000005c
Event: 8.736 Thread 0x00000225cc1c13a0 Uncommon trap: reason=unstable_if action=reinterpret pc=0x00000225bedeec5c method=java.lang.AbstractStringBuilder.isLatin1()Z @ 10 c2
Event: 8.736 Thread 0x00000225cc1c13a0 DEOPT PACKING pc=0x00000225bedeec5c sp=0x0000006fc1bf8910
Event: 8.736 Thread 0x00000225cc1c13a0 DEOPT UNPACKING pc=0x00000225b7345923 sp=0x0000006fc1bf88a0 mode 2
Event: 8.746 Thread 0x00000225cc1c13a0 Uncommon trap: trap_request=0xffffff45 fr.pc=0x00000225bede4b48 relative=0x0000000000000048
Event: 8.746 Thread 0x00000225cc1c13a0 Uncommon trap: reason=unstable_if action=reinterpret pc=0x00000225bede4b48 method=java.lang.CharacterData.of(I)Ljava/lang/CharacterData; @ 4 c2
Event: 8.746 Thread 0x00000225cc1c13a0 DEOPT PACKING pc=0x00000225bede4b48 sp=0x0000006fc1bf80e0
Event: 8.746 Thread 0x00000225cc1c13a0 DEOPT UNPACKING pc=0x00000225b7345923 sp=0x0000006fc1bf8078 mode 2

Classes unloaded (7 events):
Event: 9.386 Thread 0x00000225b472eab0 Unloading class 0x0000000100212800 'java/lang/invoke/LambdaForm$MH+0x0000000100212800'
Event: 9.386 Thread 0x00000225b472eab0 Unloading class 0x0000000100212400 'java/lang/invoke/LambdaForm$MH+0x0000000100212400'
Event: 9.386 Thread 0x00000225b472eab0 Unloading class 0x0000000100212000 'java/lang/invoke/LambdaForm$MH+0x0000000100212000'
Event: 9.386 Thread 0x00000225b472eab0 Unloading class 0x0000000100211c00 'java/lang/invoke/LambdaForm$MH+0x0000000100211c00'
Event: 9.386 Thread 0x00000225b472eab0 Unloading class 0x0000000100211400 'java/lang/invoke/LambdaForm$BMH+0x0000000100211400'
Event: 9.386 Thread 0x00000225b472eab0 Unloading class 0x0000000100211000 'java/lang/invoke/LambdaForm$DMH+0x0000000100211000'
Event: 9.386 Thread 0x00000225b472eab0 Unloading class 0x000000010020e400 'java/lang/invoke/LambdaForm$DMH+0x000000010020e400'

Classes redefined (0 events):
No events

Internal exceptions (20 events):
Event: 8.243 Thread 0x00000225cc1c13a0 Exception <a 'java/lang/NullPointerException'{0x00000000eb17f228}> (0x00000000eb17f228) 
thrown [s\src\hotspot\share\interpreter\linkResolver.cpp, line 1350]
Event: 8.243 Thread 0x00000225cc1c13a0 Exception <a 'java/lang/NullPointerException'{0x00000000eb17fa50}> (0x00000000eb17fa50) 
thrown [s\src\hotspot\share\interpreter\linkResolver.cpp, line 1350]
Event: 8.817 Thread 0x00000225cc1c13a0 Exception <a 'java/lang/NoSuchMethodError'{0x00000000eb914ff8}: 'void java.lang.invoke.DirectMethodHandle$Holder.invokeInterface(java.lang.Object, java.lang.Object, java.lang.Object)'> (0x00000000eb914ff8) 
thrown [s\src\hotspot\share\interpreter\linkResolver.cpp, line 759]
Event: 8.966 Thread 0x00000225cc1c13a0 Exception <a 'java/lang/NoSuchMethodError'{0x00000000ebc36598}: 'java.lang.Object java.lang.invoke.Invokers$Holder.invokeExact_MT(java.lang.Object, java.lang.Object, java.lang.Object, java.lang.Object, java.lang.Object, java.lang.Object)'> (0x00000000ebc36598) 
thrown [s\src\hotspot\share\interpreter\linkResolver.cpp, line 759]
Event: 9.020 Thread 0x00000225cc1c13a0 Exception <a 'java/lang/NoSuchMethodError'{0x00000000ebd192b0}: 'java.lang.Object java.lang.invoke.DirectMethodHandle$Holder.invokeStatic(java.lang.Object, java.lang.Object, int)'> (0x00000000ebd192b0) 
thrown [s\src\hotspot\share\interpreter\linkResolver.cpp, line 759]
Event: 9.021 Thread 0x00000225cc1c13a0 Exception <a 'java/lang/NoSuchMethodError'{0x00000000ebd1de60}: 'void java.lang.invoke.DirectMethodHandle$Holder.invokeStatic(java.lang.Object, java.lang.Object, int, java.lang.Object)'> (0x00000000ebd1de60) 
thrown [s\src\hotspot\share\interpreter\linkResolver.cpp, line 759]
Event: 9.021 Thread 0x00000225cc1c13a0 Exception <a 'java/lang/NoSuchMethodError'{0x00000000ebd25590}: 'void java.lang.invoke.DelegatingMethodHandle$Holder.delegate(java.lang.Object, java.lang.Object, int, java.lang.Object)'> (0x00000000ebd25590) 
thrown [s\src\hotspot\share\interpreter\linkResolver.cpp, line 759]
Event: 9.022 Thread 0x00000225cc1c13a0 Exception <a 'java/lang/NoSuchMethodError'{0x00000000ebd29978}: 'int java.lang.invoke.DirectMethodHandle$Holder.invokeSpecial(java.lang.Object, java.lang.Object, java.lang.Object)'> (0x00000000ebd29978) 
thrown [s\src\hotspot\share\interpreter\linkResolver.cpp, line 759]
Event: 9.024 Thread 0x00000225cc1c13a0 Exception <a 'java/lang/NoSuchMethodError'{0x00000000ebd39f68}: 'int java.lang.invoke.DirectMethodHandle$Holder.invokeStatic(java.lang.Object, java.lang.Object, int)'> (0x00000000ebd39f68) 
thrown [s\src\hotspot\share\interpreter\linkResolver.cpp, line 759]
Event: 9.025 Thread 0x00000225cc1c13a0 Exception <a 'java/lang/NoSuchMethodError'{0x00000000ebd3e1d8}: 'int java.lang.invoke.DirectMethodHandle$Holder.invokeSpecial(java.lang.Object, java.lang.Object, java.lang.Object, int)'> (0x00000000ebd3e1d8) 
thrown [s\src\hotspot\share\interpreter\linkResolver.cpp, line 759]
Event: 9.028 Thread 0x00000225cc1c13a0 Exception <a 'java/lang/NoSuchMethodError'{0x00000000ebd58c58}: 'java.lang.Object java.lang.invoke.DirectMethodHandle$Holder.invokeStatic(java.lang.Object, java.lang.Object, java.lang.Object, java.lang.Object, int)'> (0x00000000ebd58c58) 
thrown [s\src\hotspot\share\interpreter\linkResolver.cpp, line 759]
Event: 9.032 Thread 0x00000225cc1c13a0 Exception <a 'java/lang/NoSuchMethodError'{0x00000000ebd64ff8}: 'java.lang.Object java.lang.invoke.DelegatingMethodHandle$Holder.reinvoke_L(java.lang.Object, java.lang.Object, java.lang.Object, java.lang.Object, int, int)'> (0x00000000ebd64ff8) 
thrown [s\src\hotspot\share\interpreter\linkResolver.cpp, line 759]
Event: 9.036 Thread 0x00000225cc1c13a0 Exception <a 'java/lang/NoSuchMethodError'{0x00000000ebd7ccd8}: 'java.lang.Object java.lang.invoke.Invokers$Holder.invokeExact_MT(java.lang.Object, java.lang.Object, java.lang.Object, java.lang.Object)'> (0x00000000ebd7ccd8) 
thrown [s\src\hotspot\share\interpreter\linkResolver.cpp, line 759]
Event: 9.074 Thread 0x00000225cc1c13a0 Exception <a 'java/io/FileNotFoundException'{0x00000000ebe75708}> (0x00000000ebe75708) 
thrown [s\src\hotspot\share\prims\jni.cpp, line 516]
Event: 9.077 Thread 0x00000225cc1c13a0 Exception <a 'java/io/FileNotFoundException'{0x00000000ebe8c490}> (0x00000000ebe8c490) 
thrown [s\src\hotspot\share\prims\jni.cpp, line 516]
Event: 9.254 Thread 0x00000225cc1c13a0 Exception <a 'java/lang/IncompatibleClassChangeError'{0x00000000ec3e2788}: Found class java.lang.Object, but interface was expected> (0x00000000ec3e2788) 
thrown [s\src\hotspot\share\interpreter\linkResolver.cpp, line 826]
Event: 9.723 Thread 0x00000225cc1c13a0 Exception <a 'java/io/FileNotFoundException'{0x00000000eb790350}> (0x00000000eb790350) 
thrown [s\src\hotspot\share\prims\jni.cpp, line 516]
Event: 9.723 Thread 0x00000225cc1c13a0 Exception <a 'java/io/FileNotFoundException'{0x00000000eb791160}> (0x00000000eb791160) 
thrown [s\src\hotspot\share\prims\jni.cpp, line 516]
Event: 9.724 Thread 0x00000225cc1c13a0 Exception <a 'java/io/FileNotFoundException'{0x00000000eb791f78}> (0x00000000eb791f78) 
thrown [s\src\hotspot\share\prims\jni.cpp, line 516]
Event: 10.091 Thread 0x00000225cc1c13a0 Exception <a 'java/lang/NoSuchMethodError'{0x00000000ec027f48}: 'int java.lang.invoke.DirectMethodHandle$Holder.invokeStaticInit(java.lang.Object, java.lang.Object, java.lang.Object)'> (0x00000000ec027f48) 
thrown [s\src\hotspot\share\interpreter\linkResolver.cpp, line 759]

VM Operations (20 events):
Event: 7.961 Executing VM operation: ParallelGCFailedAllocation
Event: 7.970 Executing VM operation: ParallelGCFailedAllocation done
Event: 8.641 Executing VM operation: HandshakeAllThreads
Event: 8.641 Executing VM operation: HandshakeAllThreads done
Event: 8.747 Executing VM operation: HandshakeAllThreads
Event: 8.747 Executing VM operation: HandshakeAllThreads done
Event: 8.754 Executing VM operation: HandshakeAllThreads
Event: 8.754 Executing VM operation: HandshakeAllThreads done
Event: 9.018 Executing VM operation: HandshakeAllThreads
Event: 9.018 Executing VM operation: HandshakeAllThreads done
Event: 9.018 Executing VM operation: Cleanup
Event: 9.019 Executing VM operation: Cleanup done
Event: 9.258 Executing VM operation: ParallelGCFailedAllocation
Event: 9.266 Executing VM operation: ParallelGCFailedAllocation done
Event: 9.286 Executing VM operation: HandshakeAllThreads
Event: 9.286 Executing VM operation: HandshakeAllThreads done
Event: 9.377 Executing VM operation: CollectForMetadataAllocation
Event: 9.410 Executing VM operation: CollectForMetadataAllocation done
Event: 10.239 Executing VM operation: ParallelGCFailedAllocation
Event: 10.243 Executing VM operation: ParallelGCFailedAllocation done

Events (20 events):
Event: 9.353 loading class java/util/zip/DeflaterOutputStream done
Event: 9.353 loading class java/util/zip/GZIPOutputStream done
Event: 9.415 loading class java/io/StringReader
Event: 9.415 loading class java/io/StringReader done
Event: 9.416 loading class java/util/zip/GZIPInputStream
Event: 9.417 loading class java/util/zip/GZIPInputStream done
Event: 9.433 loading class java/net/SocketTimeoutException
Event: 9.433 loading class java/io/InterruptedIOException
Event: 9.433 loading class java/io/InterruptedIOException done
Event: 9.433 loading class java/net/SocketTimeoutException done
Event: 9.433 loading class java/net/SocketException
Event: 9.433 loading class java/net/SocketException done
Event: 9.434 loading class java/net/UnknownHostException
Event: 9.434 loading class java/net/UnknownHostException done
Event: 9.434 loading class java/net/ProtocolException
Event: 9.434 loading class java/net/ProtocolException done
Event: 9.540 loading class java/lang/NegativeArraySizeException
Event: 9.540 loading class java/lang/NegativeArraySizeException done
Event: 9.541 loading class java/io/FileWriter
Event: 9.541 loading class java/io/FileWriter done


Dynamic libraries:
0x00007ff61e2a0000 - 0x00007ff61e2ae000 	c:\Users\admin\.vscode\extensions\redhat.java-1.11.0-win32-x64\jre\17.0.4.1-win32-x86_64\bin\java.exe
0x00007ffcd75a0000 - 0x00007ffcd77a9000 	C:\WINDOWS\SYSTEM32\ntdll.dll
0x00007ffcd6e70000 - 0x00007ffcd6f2d000 	C:\WINDOWS\System32\KERNEL32.DLL
0x00007ffcd5030000 - 0x00007ffcd53ab000 	C:\WINDOWS\System32\KERNELBASE.dll
0x00007ffcd4c80000 - 0x00007ffcd4d91000 	C:\WINDOWS\System32\ucrtbase.dll
0x00007ffca1ad0000 - 0x00007ffca1ae9000 	c:\Users\admin\.vscode\extensions\redhat.java-1.11.0-win32-x64\jre\17.0.4.1-win32-x86_64\bin\VCRUNTIME140.dll
0x00007ffca1af0000 - 0x00007ffca1b08000 	c:\Users\admin\.vscode\extensions\redhat.java-1.11.0-win32-x64\jre\17.0.4.1-win32-x86_64\bin\jli.dll
0x00007ffcd55e0000 - 0x00007ffcd578d000 	C:\WINDOWS\System32\USER32.dll
0x00007ffcd4bd0000 - 0x00007ffcd4bf6000 	C:\WINDOWS\System32\win32u.dll
0x00007ffcd6ca0000 - 0x00007ffcd6cc9000 	C:\WINDOWS\System32\GDI32.dll
0x00007ffcd4f10000 - 0x00007ffcd5028000 	C:\WINDOWS\System32\gdi32full.dll
0x00007ffcd4a70000 - 0x00007ffcd4b0d000 	C:\WINDOWS\System32\msvcp_win.dll
0x00007ffcb8b50000 - 0x00007ffcb8df5000 	C:\WINDOWS\WinSxS\amd64_microsoft.windows.common-controls_6595b64144ccf1df_6.0.22000.120_none_9d947278b86cc467\COMCTL32.dll
0x00007ffcd63b0000 - 0x00007ffcd6453000 	C:\WINDOWS\System32\msvcrt.dll
0x00007ffcd6360000 - 0x00007ffcd6391000 	C:\WINDOWS\System32\IMM32.DLL
0x00007ffcca330000 - 0x00007ffcca33c000 	c:\Users\admin\.vscode\extensions\redhat.java-1.11.0-win32-x64\jre\17.0.4.1-win32-x86_64\bin\vcruntime140_1.dll
0x00007ffc4ed80000 - 0x00007ffc4ee11000 	c:\Users\admin\.vscode\extensions\redhat.java-1.11.0-win32-x64\jre\17.0.4.1-win32-x86_64\bin\msvcp140.dll
0x00007ffc43700000 - 0x00007ffc44346000 	c:\Users\admin\.vscode\extensions\redhat.java-1.11.0-win32-x64\jre\17.0.4.1-win32-x86_64\bin\server\jvm.dll
0x00007ffcd5790000 - 0x00007ffcd583e000 	C:\WINDOWS\System32\ADVAPI32.dll
0x00007ffcd73a0000 - 0x00007ffcd743e000 	C:\WINDOWS\System32\sechost.dll
0x00007ffcd6f30000 - 0x00007ffcd7050000 	C:\WINDOWS\System32\RPCRT4.dll
0x00007ffcd63a0000 - 0x00007ffcd63a8000 	C:\WINDOWS\System32\PSAPI.DLL
0x00007ffcbe900000 - 0x00007ffcbe909000 	C:\WINDOWS\SYSTEM32\WSOCK32.dll
0x00007ffcd7160000 - 0x00007ffcd71cf000 	C:\WINDOWS\System32\WS2_32.dll
0x00007ffcccf40000 - 0x00007ffcccf73000 	C:\WINDOWS\SYSTEM32\WINMM.dll
0x00007ffccb4f0000 - 0x00007ffccb4fa000 	C:\WINDOWS\SYSTEM32\VERSION.dll
0x00007ffcd3b70000 - 0x00007ffcd3b88000 	C:\WINDOWS\SYSTEM32\kernel.appcore.dll
0x00007ffcc5e50000 - 0x00007ffcc5e5a000 	c:\Users\admin\.vscode\extensions\redhat.java-1.11.0-win32-x64\jre\17.0.4.1-win32-x86_64\bin\jimage.dll
0x00007ffcd20b0000 - 0x00007ffcd22d1000 	C:\WINDOWS\SYSTEM32\DBGHELP.DLL
0x00007ffcc1800000 - 0x00007ffcc1831000 	C:\WINDOWS\SYSTEM32\dbgcore.DLL
0x00007ffcd4c00000 - 0x00007ffcd4c7f000 	C:\WINDOWS\System32\bcryptPrimitives.dll
0x00007ffcc5e10000 - 0x00007ffcc5e1e000 	c:\Users\admin\.vscode\extensions\redhat.java-1.11.0-win32-x64\jre\17.0.4.1-win32-x86_64\bin\instrument.dll
0x00007ffc9d230000 - 0x00007ffc9d255000 	c:\Users\admin\.vscode\extensions\redhat.java-1.11.0-win32-x64\jre\17.0.4.1-win32-x86_64\bin\java.dll
0x00007ffc91af0000 - 0x00007ffc91b08000 	c:\Users\admin\.vscode\extensions\redhat.java-1.11.0-win32-x64\jre\17.0.4.1-win32-x86_64\bin\zip.dll
0x00007ffcd5ab0000 - 0x00007ffcd6268000 	C:\WINDOWS\System32\SHELL32.dll
0x00007ffcd2b30000 - 0x00007ffcd3395000 	C:\WINDOWS\SYSTEM32\windows.storage.dll
0x00007ffcd64a0000 - 0x00007ffcd6817000 	C:\WINDOWS\System32\combase.dll
0x00007ffcd29c0000 - 0x00007ffcd2b26000 	C:\WINDOWS\SYSTEM32\wintypes.dll
0x00007ffcd6270000 - 0x00007ffcd635a000 	C:\WINDOWS\System32\SHCORE.dll
0x00007ffcd58b0000 - 0x00007ffcd590d000 	C:\WINDOWS\System32\shlwapi.dll
0x00007ffcd49a0000 - 0x00007ffcd49c1000 	C:\WINDOWS\SYSTEM32\profapi.dll
0x00007ffc9e020000 - 0x00007ffc9e039000 	C:\Users\admin\.vscode\extensions\redhat.java-1.11.0-win32-x64\jre\17.0.4.1-win32-x86_64\bin\net.dll
0x00007ffccdaa0000 - 0x00007ffccdbac000 	C:\WINDOWS\SYSTEM32\WINHTTP.dll
0x00007ffcd4080000 - 0x00007ffcd40e7000 	C:\WINDOWS\system32\mswsock.dll
0x00007ffc90a40000 - 0x00007ffc90a55000 	C:\Users\admin\.vscode\extensions\redhat.java-1.11.0-win32-x64\jre\17.0.4.1-win32-x86_64\bin\nio.dll
0x00007ffcc5dc0000 - 0x00007ffcc5dd0000 	c:\Users\admin\.vscode\extensions\redhat.java-1.11.0-win32-x64\jre\17.0.4.1-win32-x86_64\bin\verify.dll
0x00007ffc9e410000 - 0x00007ffc9e44e000 	C:\Users\admin\AppData\Roaming\Code\User\globalStorage\redhat.java\1.11.0\config_ss_win\org.eclipse.equinox.launcher\org.eclipse.equinox.launcher.win32.win32.x86_64_1.2.600.v20220720-1916\eclipse_11700.dll
0x00007ffcd5910000 - 0x00007ffcd5aaa000 	C:\WINDOWS\System32\ole32.dll
0x00007ffcc1980000 - 0x00007ffcc1989000 	C:\Users\admin\.vscode\extensions\redhat.java-1.11.0-win32-x64\jre\17.0.4.1-win32-x86_64\bin\management.dll
0x00007ffcc0050000 - 0x00007ffcc005b000 	C:\Users\admin\.vscode\extensions\redhat.java-1.11.0-win32-x64\jre\17.0.4.1-win32-x86_64\bin\management_ext.dll

dbghelp: loaded successfully - version: 4.0.5 - missing functions: none
symbol engine: initialized successfully - sym options: 0x614 - pdb path: .;c:\Users\admin\.vscode\extensions\redhat.java-1.11.0-win32-x64\jre\17.0.4.1-win32-x86_64\bin;C:\WINDOWS\SYSTEM32;C:\WINDOWS\WinSxS\amd64_microsoft.windows.common-controls_6595b64144ccf1df_6.0.22000.120_none_9d947278b86cc467;c:\Users\admin\.vscode\extensions\redhat.java-1.11.0-win32-x64\jre\17.0.4.1-win32-x86_64\bin\server;C:\Users\admin\AppData\Roaming\Code\User\globalStorage\redhat.java\1.11.0\config_ss_win\org.eclipse.equinox.launcher\org.eclipse.equinox.launcher.win32.win32.x86_64_1.2.600.v20220720-1916

VM Arguments:
jvm_args: --add-modules=ALL-SYSTEM --add-opens=java.base/java.util=ALL-UNNAMED --add-opens=java.base/java.lang=ALL-UNNAMED --add-opens=java.base/sun.nio.fs=ALL-UNNAMED -Declipse.application=org.eclipse.jdt.ls.core.id1 -Dosgi.bundles.defaultStartLevel=4 -Declipse.product=org.eclipse.jdt.ls.core.product -Djava.import.generatesMetadataFilesAtProjectRoot=false -Dfile.encoding=utf8 -DwatchParentProcess=false -XX:+UseParallelGC -XX:GCTimeRatio=4 -XX:AdaptiveSizePolicyWeight=90 -Dsun.zip.disableMemoryMapping=true -Xmx1G -Xms100m -Xlog:disable -javaagent:c:\Users\admin\.vscode\extensions\redhat.java-1.11.0-win32-x64\lombok\lombok-1.18.24.jar 
java_command: c:\Users\admin\.vscode\extensions\redhat.java-1.11.0-win32-x64\server\plugins\org.eclipse.equinox.launcher_1.6.400.v20210924-0641.jar -configuration c:\Users\admin\AppData\Roaming\Code\User\globalStorage\redhat.java\1.11.0\config_ss_win -data c:\Users\admin\AppData\Roaming\Code\User\workspaceStorage\65fd5de7fbe8538a0b623f43c295d075\redhat.java\ss_ws
java_class_path (initial): c:\Users\admin\.vscode\extensions\redhat.java-1.11.0-win32-x64\server\plugins\org.eclipse.equinox.launcher_1.6.400.v20210924-0641.jar
Launcher Type: SUN_STANDARD

[Global flags]
    uintx AdaptiveSizePolicyWeight                 = 90                                        {product} {command line}
     intx CICompilerCount                          = 4                                         {product} {ergonomic}
    uintx GCTimeRatio                              = 4                                         {product} {command line}
   size_t InitialHeapSize                          = 104857600                                 {product} {command line}
   size_t MaxHeapSize                              = 1073741824                                {product} {command line}
   size_t MaxNewSize                               = 357564416                                 {product} {ergonomic}
   size_t MinHeapDeltaBytes                        = 524288                                    {product} {ergonomic}
   size_t MinHeapSize                              = 104857600                                 {product} {command line}
   size_t NewSize                                  = 34603008                                  {product} {ergonomic}
    uintx NonNMethodCodeHeapSize                   = 5839372                                {pd product} {ergonomic}
    uintx NonProfiledCodeHeapSize                  = 122909434                              {pd product} {ergonomic}
   size_t OldSize                                  = 70254592                                  {product} {ergonomic}
    uintx ProfiledCodeHeapSize                     = 122909434                              {pd product} {ergonomic}
    uintx ReservedCodeCacheSize                    = 251658240                              {pd product} {ergonomic}
     bool SegmentedCodeCache                       = true                                      {product} {ergonomic}
   size_t SoftMaxHeapSize                          = 1073741824                             {manageable} {ergonomic}
     bool UseCompressedClassPointers               = true                           {product lp64_product} {ergonomic}
     bool UseCompressedOops                        = true                           {product lp64_product} {ergonomic}
     bool UseLargePagesIndividualAllocation        = false                                  {pd product} {ergonomic}
     bool UseParallelGC                            = true                                      {product} {command line}

Logging:
Log output configuration:
 #0: stdout all=off uptime,level,tags
 #1: stderr all=off uptime,level,tags

Environment Variables:
JAVA_HOME=D:\Program Files\Java\jdk-11.0.16
PATH=D:\Program Files (x86)\VMware\VMware Workstation\bin\;D:\php-8.1.7-nts-Win32-vs16-x64;C:\WINDOWS\system32;C:\WINDOWS;C:\WINDOWS\System32\Wbem;C:\WINDOWS\System32\WindowsPowerShell\v1.0\;C:\WINDOWS\System32\OpenSSH\;C:\Program Files\dotnet\;C:\Program Files\Git\cmd;C:\Python27;C:\Python27\Scripts;C:\Program Files\nodejs\;C:\Program Files\Redis;C:\ProgramData\ComposerSetup\bin;D:\Program Files\apache-maven-3.6.3\bin;D:\Program Files\Java\jdk-11.0.16\bin;D:\gradle-6.9.3\bin;C:\Users\admin\AppData\Local\Microsoft\WindowsApps;C:\Users\admin\AppData\Roaming\Composer\vendor\bin;C:\Users\admin\AppData\Local\Programs\Microsoft VS Code\bin;C:\Users\admin\AppData\Local\GitHubDesktop\bin;C:\Users\admin\AppData\Roaming\npm;
USERNAME=admin
OS=Windows_NT
PROCESSOR_IDENTIFIER=Intel64 Family 6 Model 140 Stepping 1, GenuineIntel
TMP=C:\Users\admin\AppData\Local\Temp
TEMP=C:\Users\admin\AppData\Local\Temp



---------------  S Y S T E M  ---------------

OS:
 Windows 11 , 64 bit Build 22000 (10.0.22000.708)
OS uptime: 3 days 6:27 hours
Hyper-V role detected

CPU: total 8 (initial active 8) (4 cores per cpu, 2 threads per core) family 6 model 140 stepping 1 microcode 0xa4, cx8, cmov, fxsr, ht, mmx, 3dnowpref, sse, sse2, sse3, ssse3, sse4.1, sse4.2, popcnt, lzcnt, tsc, tscinvbit, avx, avx2, aes, erms, clmul, bmi1, bmi2, adx, avx512f, avx512dq, avx512cd, avx512bw, avx512vl, sha, fma, vzeroupper, avx512_vpopcntdq, avx512_vpclmulqdq, avx512_vaes, avx512_vnni, clflush, clflushopt, clwb, avx512_vbmi2, avx512_vbmi, hv

Memory: 4k page, system-wide physical 7914M (128M free)
TotalPageFile size 21079M (AvailPageFile size 1M)
current process WorkingSet (physical memory assigned to process): 117M, peak: 117M
current process commit charge ("private bytes"): 224M, peak: 224M

vm_info: OpenJDK 64-Bit Server VM (17.0.4.1+1) for windows-amd64 JRE (17.0.4.1+1), built on Aug 17 2022 07:42:43 by "temurin" with MS VC++ 16.7 (VS2019)

END.
